Logfile cleared.
Scan chain sent.
Scan chain sent.
ADC Voltage:630403.8750
Configured GPIB controller.
Configured GPIB controller.
Scan chain sent.
CHAN1 FREQ: 
Scan chain sent.
Scan chain sent.
Scan chain sent.
Scan chain sent.
Scan chain sent.
CHAN1 FREQ: 
+3.39E+06

Configured GPIB controller.
Scan chain sent.
Scan chain sent.
Scan chain sent.
Scan chain sent.
Scan chain sent.
Scan chain sent.
Scan chain sent.
Scan chain sent.
Scan chain sent.
Scan chain sent.
CHAN1 FREQ: 
+1.68E+06

CHAN1 FREQ: 
+1.68E+06

CHAN1 FREQ: 
+1.68E+06

CHAN1 FREQ: 
+1.68E+06

CHAN1 FREQ: 
+3.38E+06

Scan chain sent.
Scan chain sent.
CHAN1 FREQ: 
+3.39E+06

CHAN1 FREQ: 
Scan chain sent.
Scan chain sent.
Scan chain sent.
Configured GPIB controller.
Scan chain sent.
Scan chain sent.
Scan chain sent.
Scan chain sent.
Scan chain sent.
Scan chain sent.
Scan chain sent.
Scan chain sent.
Configured GPIB controller.
Scan chain sent.
Scan chain sent.
Scan chain sent.
Scan chain sent.
Scan chain sent.
Scan chain sent.
Scan chain sent.
Scan chain sent.
CHAN2 FREQ: 
+3.39E+06

Scan chain sent.
Scan chain sent.
CHAN1 FREQ: 
+375.2E+03

CHAN1 FREQ: 
+375.2E+03

CHAN1 FREQ: 
+375.2E+03

CHAN1 FREQ: 
+375.2E+03

CHAN2 FREQ: 
+3.39E+06

CHAN2 FREQ: 
+3.39E+06

Scan chain sent.
CHAN1 FREQ: 
+3.39E+06

CHAN1 VAMP: 
+1.69E+00

CHAN2 FREQ: 
+338.4E+03

CHAN2 VAMP: 
+1.56E+00

Scan chain sent.
CHAN1 FREQ: 
+3.39E+06

CHAN2 VAMP: 
+1.56E+00

Scan chain sent.
Scan chain sent.
Scan chain sent.
CHAN1 FREQ: 
+3.39E+06

ADC Voltage:0.2422
ADC Voltage:0.2422
ADC Voltage:0.0044
Scan chain sent.
Scan chain sent.
CHAN1 FREQ: 
+3.39E+06

Scan chain sent.
CHAN1 FREQ: 
+3.39E+06

CHAN1 FREQ: 
+3.39E+06

Scan chain sent.
Scan chain sent.
Scan chain sent.
CHAN1 FREQ: 
+3.39E+06

Scan chain sent.
Scan chain sent.
Scan chain sent.
CHAN1 FREQ: 
+3.39E+06

Scan chain sent.
CHAN1 FREQ: 
+3.39E+06

Scan chain sent.
Scan chain sent.
Scan chain sent.
Configured GPIB controller.
Scan chain sent.
Scan chain sent.
Scan chain sent.
Scan chain sent.
Scan chain sent.
Scan chain sent.
Scan chain sent.
Configured GPIB controller.
Scan chain sent.
Scan chain sent.
Scan chain sent.
Scan chain sent.
Scan chain sent.
CHAN1 FREQ: 
+3.39E+06

Scan chain sent.
Scan chain sent.
Scan chain sent.
Scan chain sent.
CHAN1 FREQ: 
+3.39E+06

Scan chain sent.
CHAN1 FREQ: 
+3.39E+06

Scan chain sent.
CHAN1 FREQ: 
+3.33E+06

Scan chain sent.
Scan chain sent.
Scan chain sent.
CHAN1 FREQ: 
+3.33E+06

